<?xml version="1.0" encoding="UTF-8"?>
<!-- Generated by org.testng.reporters.JUnitXMLReporter -->
<testsuite ignored="0" hostname="Java-Romiyo" failures="1" tests="1" name="Chrome Test" time="0.649" errors="0" timestamp="2025-12-23T13:17:37 NPT">
  <testcase classname="tests.DemotestwithExcel" name="login" time="0.0">
    <failure type="java.lang.RuntimeException" message="java.lang.RuntimeException: Failed to read Excel data">
      <![CDATA[java.lang.RuntimeException: java.lang.RuntimeException: Failed to read Excel data
at java.base/java.util.ArrayList.forEach(ArrayList.java:1596)
Caused by: java.lang.RuntimeException: Failed to read Excel data
at utils.ExcelUtil.getExcelData(ExcelUtil.java:45)
at tests.DemotestwithExcel.getLoginData(DemotestwithExcel.java:54)
... 29 more
Caused by: java.lang.NullPointerException: Cannot invoke "org.apache.poi.ss.usermodel.Cell.toString()" because "cell" is null
at utils.ExcelUtil.getExcelData(ExcelUtil.java:37)
... 35 more
... Removed 34 stack frames]]>
    </failure>
  </testcase> <!-- login -->
</testsuite> <!-- Chrome Test -->
